<?xml version="1.0" encoding="UTF-8"?>
<testsuite xmlns:xsi="http://www.w3.org/2001/XMLSchema-instance" xsi:noNamespaceSchemaLocation="https://maven.apache.org/surefire/maven-surefire-plugin/xsd/surefire-test-report-3.0.xsd" version="3.0" name="classes.BankTest" time="0.191" tests="4" errors="0" skipped="0" failures="0">
  <properties>
[...]
</properties>
  <testcase name="addBranch" classname="classes.BankTest" time="0.029"/>
  <testcase name="addCustomer" classname="classes.BankTest" time="0.002"/>
  <testcase name="addCustomerTransaction" classname="classes.BankTest" time="0"/>
  <testcase name="listCustomers" classname="classes.BankTest" time="0.009"/>
</testsuite>